Vivado Simulator v2025.2
Copyright 1986-2022 Xilinx, Inc. All Rights Reserved.
Copyright 2022-2025 Advanced Micro Devices, Inc. All Rights Reserved.
Running: C:/Xilinx/2025.2/Vivado/bin/unwrapped/win64.o/xelab.exe --incr --debug typical --relax --mt 2 -L xil_defaultlib -L uvm -L unisims_ver -L unimacro_ver -L secureip --snapshot soc_top_tb_behav xil_defaultlib.soc_top_tb xil_defaultlib.glbl -log elaborate.log 
Using 2 slave threads.
Starting static elaboration
Pass Through NonSizing Optimizer
Completed static elaboration
Starting simulation data flow analysis
Completed simulation data flow analysis
Time Resolution for simulation is 1ps
Compiling package xil_defaultlib.soc_pkg
Compiling module xil_defaultlib.input_interface
Compiling module xil_defaultlib.alu_block
Compiling module xil_defaultlib.fifo_buffer_default
Compiling module xil_defaultlib.dma_engine
Compiling module xil_defaultlib.error_monitor
Compiling module xil_defaultlib.control_fsm
Compiling module xil_defaultlib.display_controller
Compiling module xil_defaultlib.uart_debug_default
Compiling module xil_defaultlib.soc_top
Compiling module xil_defaultlib.soc_top_tb
Compiling module xil_defaultlib.glbl
Built simulation snapshot soc_top_tb_behav
