INFO: [VRFC 10-2263] Analyzing SystemVerilog file "C:/Users/tolu/Documents/ASIC/Soc_Platform/Soc_Platform.srcs/sources_1/new/soc_pkg.sv" into library xil_defaultlib
INFO: [VRFC 10-2263] Analyzing SystemVerilog file "C:/Users/tolu/Documents/ASIC/Soc_Platform/Soc_Platform.srcs/sources_1/new/input_interface.sv" into library xil_defaultlib
INFO: [VRFC 10-311] analyzing module input_interface
INFO: [VRFC 10-2263] Analyzing SystemVerilog file "C:/Users/tolu/Documents/ASIC/Soc_Platform/Soc_Platform.srcs/sources_1/new/alu_block.sv" into library xil_defaultlib
INFO: [VRFC 10-311] analyzing module alu_block
INFO: [VRFC 10-2263] Analyzing SystemVerilog file "C:/Users/tolu/Documents/ASIC/Soc_Platform/Soc_Platform.srcs/sources_1/new/fifo_buffer.sv" into library xil_defaultlib
INFO: [VRFC 10-311] analyzing module fifo_buffer
INFO: [VRFC 10-2263] Analyzing SystemVerilog file "C:/Users/tolu/Documents/ASIC/Soc_Platform/Soc_Platform.srcs/sources_1/new/dma_engine.sv" into library xil_defaultlib
INFO: [VRFC 10-311] analyzing module dma_engine
INFO: [VRFC 10-2263] Analyzing SystemVerilog file "C:/Users/tolu/Documents/ASIC/Soc_Platform/Soc_Platform.srcs/sources_1/new/error_monitor.sv" into library xil_defaultlib
INFO: [VRFC 10-311] analyzing module error_monitor
INFO: [VRFC 10-2263] Analyzing SystemVerilog file "C:/Users/tolu/Documents/ASIC/Soc_Platform/Soc_Platform.srcs/sources_1/new/control_fsm.sv" into library xil_defaultlib
INFO: [VRFC 10-311] analyzing module control_fsm
INFO: [VRFC 10-2263] Analyzing SystemVerilog file "C:/Users/tolu/Documents/ASIC/Soc_Platform/Soc_Platform.srcs/sources_1/new/display_controller.sv" into library xil_defaultlib
INFO: [VRFC 10-311] analyzing module display_controller
INFO: [VRFC 10-2263] Analyzing SystemVerilog file "C:/Users/tolu/Documents/ASIC/Soc_Platform/Soc_Platform.srcs/sources_1/new/uart_debug.sv" into library xil_defaultlib
INFO: [VRFC 10-311] analyzing module uart_debug
INFO: [VRFC 10-2263] Analyzing SystemVerilog file "C:/Users/tolu/Documents/ASIC/Soc_Platform/Soc_Platform.srcs/sources_1/new/soc_top.sv" into library xil_defaultlib
INFO: [VRFC 10-311] analyzing module soc_top
INFO: [VRFC 10-2263] Analyzing SystemVerilog file "C:/Users/tolu/Documents/ASIC/Soc_Platform/Soc_Platform.srcs/sim_1/new/soc_top_tb.sv" into library xil_defaultlib
INFO: [VRFC 10-311] analyzing module soc_top_tb
